DEBUG pool-3-thread-9 org.springframework.jdbc.core.JdbcTemplate - SQL update affected 1 rows and returned 1 keys
DEBUG pool-3-thread-6 org.springframework.jdbc.datasource.DataSourceUtils - Returning JDBC Connection to DataSource
DEBUG pool-3-thread-9 org.springframework.jdbc.datasource.DataSourceUtils - Returning JDBC Connection to DataSource
DEBUG pool-3-thread-6 org.springframework.jdbc.core.simple.SimpleJdbcInsert - The following parameters are used for call INSERT INTO vote (player_id, position_id) VALUES(?, ?) with: [16, 19]
DEBUG pool-3-thread-6 org.springframework.jdbc.core.JdbcTemplate - Executing SQL update and returning generated keys
DEBUG pool-3-thread-6 org.springframework.jdbc.core.JdbcTemplate - Executing prepared SQL statement
DEBUG pool-3-thread-9 org.springframework.jdbc.core.simple.SimpleJdbcInsert - The following parameters are used for call INSERT INTO vote (player_id, position_id) VALUES(?, ?) with: [89, 18]
DEBUG pool-3-thread-9 org.springframework.jdbc.core.JdbcTemplate - Executing SQL update and returning generated keys
DEBUG pool-3-thread-6 org.springframework.jdbc.datasource.DataSourceUtils - Fetching JDBC Connection from DataSource
DEBUG pool-3-thread-9 org.springframework.jdbc.core.JdbcTemplate - Executing prepared SQL statement
DEBUG pool-3-thread-6 org.springframework.jdbc.datasource.DriverManagerDataSource - Creating new JDBC DriverManager Connection to [jdbc:mysql://localhost:3306/vote]
DEBUG pool-3-thread-9 org.springframework.jdbc.datasource.DataSourceUtils - Fetching JDBC Connection from DataSource
DEBUG pool-3-thread-9 org.springframework.jdbc.datasource.DriverManagerDataSource - Creating new JDBC DriverManager Connection to [jdbc:mysql://localhost:3306/vote]
DEBUG pool-3-thread-2 org.springframework.jdbc.core.simple.SimpleJdbcInsert - The following parameters are used for call INSERT INTO vote (player_id, position_id) VALUES(?, ?) with: [66, 16]
DEBUG pool-3-thread-2 org.springframework.jdbc.core.JdbcTemplate - Executing SQL update and returning generated keys
DEBUG pool-3-thread-2 org.springframework.jdbc.core.JdbcTemplate - Executing prepared SQL statement
DEBUG pool-3-thread-2 org.springframework.jdbc.datasource.DataSourceUtils - Fetching JDBC Connection from DataSource
DEBUG pool-3-thread-2 org.springframework.jdbc.datasource.DriverManagerDataSource - Creating new JDBC DriverManager Connection to [jdbc:mysql://localhost:3306/vote]
DEBUG pool-3-thread-9 org.springframework.jdbc.core.simple.SimpleJdbcInsert - Using generated keys support with array of column names.
DEBUG pool-3-thread-9 org.springframework.jdbc.core.JdbcTemplate - SQL update affected 1 rows and returned 1 keys
DEBUG pool-3-thread-6 org.springframework.jdbc.core.simple.SimpleJdbcInsert - Using generated keys support with array of column names.
DEBUG pool-3-thread-9 org.springframework.jdbc.datasource.DataSourceUtils - Returning JDBC Connection to DataSource
DEBUG pool-3-thread-6 org.springframework.jdbc.core.JdbcTemplate - SQL update affected 1 rows and returned 1 keys
DEBUG pool-3-thread-9 org.springframework.jdbc.core.simple.SimpleJdbcInsert - The following parameters are used for call INSERT INTO vote (player_id, position_id) VALUES(?, ?) with: [48, 14]
DEBUG pool-3-thread-9 org.springframework.jdbc.core.JdbcTemplate - Executing SQL update and returning generated keys
DEBUG pool-3-thread-9 org.springframework.jdbc.core.JdbcTemplate - Executing prepared SQL statement
DEBUG pool-3-thread-9 org.springframework.jdbc.datasource.DataSourceUtils - Fetching JDBC Connection from DataSource
DEBUG pool-3-thread-9 org.springframework.jdbc.datasource.DriverManagerDataSource - Creating new JDBC DriverManager Connection to [jdbc:mysql://localhost:3306/vote]
DEBUG pool-3-thread-6 org.springframework.jdbc.datasource.DataSourceUtils - Returning JDBC Connection to DataSource
DEBUG pool-3-thread-6 org.springframework.jdbc.core.simple.SimpleJdbcInsert - The following parameters are used for call INSERT INTO vote (player_id, position_id) VALUES(?, ?) with: [56, 1]
DEBUG pool-3-thread-6 org.springframework.jdbc.core.JdbcTemplate - Executing SQL update and returning generated keys
DEBUG pool-3-thread-6 org.springframework.jdbc.core.JdbcTemplate - Executing prepared SQL statement
DEBUG pool-3-thread-6 org.springframework.jdbc.datasource.DataSourceUtils - Fetching JDBC Connection from DataSource
DEBUG pool-3-thread-6 org.springframework.jdbc.datasource.DriverManagerDataSource - Creating new JDBC DriverManager Connection to [jdbc:mysql://localhost:3306/vote]
DEBUG pool-3-thread-9 org.springframework.jdbc.core.simple.SimpleJdbcInsert - Using generated keys support with array of column names.
DEBUG pool-3-thread-9 org.springframework.jdbc.core.JdbcTemplate - SQL update affected 1 rows and returned 1 keys
DEBUG pool-3-thread-2 org.springframework.jdbc.core.simple.SimpleJdbcInsert - Using generated keys support with array of column names.
DEBUG pool-3-thread-9 org.springframework.jdbc.datasource.DataSourceUtils - Returning JDBC Connection to DataSource
DEBUG pool-3-thread-6 org.springframework.jdbc.core.simple.SimpleJdbcInsert - Using generated keys support with array of column names.
DEBUG pool-3-thread-6 org.springframework.jdbc.core.JdbcTemplate - SQL update affected 1 rows and returned 1 keys
DEBUG pool-3-thread-6 org.springframework.jdbc.datasource.DataSourceUtils - Returning JDBC Connection to DataSource
DEBUG pool-3-thread-9 org.springframework.jdbc.core.simple.SimpleJdbcInsert - The following parameters are used for call INSERT INTO vote (player_id, position_id) VALUES(?, ?) with: [71, 1]
DEBUG pool-3-thread-9 org.springframework.jdbc.core.JdbcTemplate - Executing SQL update and returning generated keys
DEBUG pool-3-thread-9 org.springframework.jdbc.core.JdbcTemplate - Executing prepared SQL statement
DEBUG pool-3-thread-9 org.springframework.jdbc.datasource.DataSourceUtils - Fetching JDBC Connection from DataSource
DEBUG pool-3-thread-9 org.springframework.jdbc.datasource.DriverManagerDataSource - Creating new JDBC DriverManager Connection to [jdbc:mysql://localhost:3306/vote]
DEBUG pool-3-thread-6 org.springframework.jdbc.core.simple.SimpleJdbcInsert - The following parameters are used for call INSERT INTO vote (player_id, position_id) VALUES(?, ?) with: [50, 3]
DEBUG pool-3-thread-6 org.springframework.jdbc.core.JdbcTemplate - Executing SQL update and returning generated keys
DEBUG pool-3-thread-6 org.springframework.jdbc.core.JdbcTemplate - Executing prepared SQL statement
DEBUG pool-3-thread-6 org.springframework.jdbc.datasource.DataSourceUtils - Fetching JDBC Connection from DataSource
DEBUG pool-3-thread-6 org.springframework.jdbc.datasource.DriverManagerDataSource - Creating new JDBC DriverManager Connection to [jdbc:mysql://localhost:3306/vote]
DEBUG pool-3-thread-2 org.springframework.jdbc.core.JdbcTemplate - SQL update affected 1 rows and returned 1 keys
DEBUG pool-3-thread-2 org.springframework.jdbc.datasource.DataSourceUtils - Returning JDBC Connection to DataSource
DEBUG pool-3-thread-2 org.springframework.jdbc.core.simple.SimpleJdbcInsert - The following parameters are used for call INSERT INTO vote (player_id, position_id) VALUES(?, ?) with: [12, 12]
DEBUG pool-3-thread-2 org.springframework.jdbc.core.JdbcTemplate - Executing SQL update and returning generated keys
DEBUG pool-3-thread-2 org.springframework.jdbc.core.JdbcTemplate - Executing prepared SQL statement
DEBUG pool-3-thread-2 org.springframework.jdbc.datasource.DataSourceUtils - Fetching JDBC Connection from DataSource
DEBUG pool-3-thread-2 org.springframework.jdbc.datasource.DriverManagerDataSource - Creating new JDBC DriverManager Connection to [jdbc:mysql://localhost:3306/vote]
DEBUG pool-3-thread-9 org.springframework.jdbc.core.simple.SimpleJdbcInsert - Using generated keys support with array of column names.
DEBUG pool-3-thread-6 org.springframework.jdbc.core.simple.SimpleJdbcInsert - Using generated keys support with array of column names.
DEBUG pool-3-thread-9 org.springframework.jdbc.core.JdbcTemplate - SQL update affected 1 rows and returned 1 keys
DEBUG pool-3-thread-9 org.springframework.jdbc.datasource.DataSourceUtils - Returning JDBC Connection to DataSource
DEBUG pool-3-thread-6 org.springframework.jdbc.core.JdbcTemplate - SQL update affected 1 rows and returned 1 keys
DEBUG pool-3-thread-6 org.springframework.jdbc.datasource.DataSourceUtils - Returning JDBC Connection to DataSource
DEBUG pool-3-thread-6 org.springframework.jdbc.core.simple.SimpleJdbcInsert - The following parameters are used for call INSERT INTO vote (player_id, position_id) VALUES(?, ?) with: [43, 15]
DEBUG pool-3-thread-6 org.springframework.jdbc.core.JdbcTemplate - Executing SQL update and returning generated keys
DEBUG pool-3-thread-6 org.springframework.jdbc.core.JdbcTemplate - Executing prepared SQL statement
DEBUG pool-3-thread-6 org.springframework.jdbc.datasource.DataSourceUtils - Fetching JDBC Connection from DataSource
DEBUG pool-3-thread-6 org.springframework.jdbc.datasource.DriverManagerDataSource - Creating new JDBC DriverManager Connection to [jdbc:mysql://localhost:3306/vote]
DEBUG pool-3-thread-9 org.springframework.jdbc.core.simple.SimpleJdbcInsert - The following parameters are used for call INSERT INTO vote (player_id, position_id) VALUES(?, ?) with: [90, 13]
DEBUG pool-3-thread-9 org.springframework.jdbc.core.JdbcTemplate - Executing SQL update and returning generated keys
DEBUG pool-3-thread-9 org.springframework.jdbc.core.JdbcTemplate - Executing prepared SQL statement
DEBUG pool-3-thread-9 org.springframework.jdbc.datasource.DataSourceUtils - Fetching JDBC Connection from DataSource
DEBUG pool-3-thread-9 org.springframework.jdbc.datasource.DriverManagerDataSource - Creating new JDBC DriverManager Connection to [jdbc:mysql://localhost:3306/vote]
DEBUG pool-3-thread-6 org.springframework.jdbc.core.simple.SimpleJdbcInsert - Using generated keys support with array of column names.
DEBUG pool-3-thread-6 org.springframework.jdbc.core.JdbcTemplate - SQL update affected 1 rows and returned 1 keys
DEBUG pool-3-thread-6 org.springframework.jdbc.datasource.DataSourceUtils - Returning JDBC Connection to DataSource
DEBUG pool-3-thread-9 org.springframework.jdbc.core.simple.SimpleJdbcInsert - Using generated keys support with array of column names.
DEBUG pool-3-thread-9 org.springframework.jdbc.core.JdbcTemplate - SQL update affected 1 rows and returned 1 keys
DEBUG pool-3-thread-6 org.springframework.jdbc.core.simple.SimpleJdbcInsert - The following parameters are used for call INSERT INTO vote (player_id, position_id) VALUES(?, ?) with: [52, 4]
DEBUG pool-3-thread-6 org.springframework.jdbc.core.JdbcTemplate - Executing SQL update and returning generated keys
DEBUG pool-3-thread-6 org.springframework.jdbc.core.JdbcTemplate - Executing prepared SQL statement
DEBUG pool-3-thread-6 org.springframework.jdbc.datasource.DataSourceUtils - Fetching JDBC Connection from DataSource
DEBUG pool-3-thread-6 org.springframework.jdbc.datasource.DriverManagerDataSource - Creating new JDBC DriverManager Connection to [jdbc:mysql://localhost:3306/vote]
DEBUG pool-3-thread-9 org.springframework.jdbc.datasource.DataSourceUtils - Returning JDBC Connection to DataSource
DEBUG pool-3-thread-9 org.springframework.jdbc.core.simple.SimpleJdbcInsert - The following parameters are used for call INSERT INTO vote (player_id, position_id) VALUES(?, ?) with: [10, 3]
DEBUG pool-3-thread-9 org.springframework.jdbc.core.JdbcTemplate - Executing SQL update and returning generated keys
DEBUG pool-3-thread-9 org.springframework.jdbc.core.JdbcTemplate - Executing prepared SQL statement
DEBUG pool-3-thread-9 org.springframework.jdbc.datasource.DataSourceUtils - Fetching JDBC Connection from DataSource
DEBUG pool-3-thread-9 org.springframework.jdbc.datasource.DriverManagerDataSource - Creating new JDBC DriverManager Connection to [jdbc:mysql://localhost:3306/vote]
DEBUG pool-3-thread-6 org.springframework.jdbc.core.simple.SimpleJdbcInsert - Using generated keys support with array of column names.
DEBUG pool-3-thread-6 org.springframework.jdbc.core.JdbcTemplate - SQL update affected 1 rows and returned 1 keys
DEBUG pool-3-thread-6 org.springframework.jdbc.datasource.DataSourceUtils - Returning JDBC Connection to DataSource
DEBUG pool-3-thread-9 org.springframework.jdbc.core.simple.SimpleJdbcInsert - Using generated keys support with array of column names.
DEBUG pool-3-thread-9 org.springframework.jdbc.core.JdbcTemplate - SQL update affected 1 rows and returned 1 keys
DEBUG pool-3-thread-6 org.springframework.jdbc.core.simple.SimpleJdbcInsert - The following parameters are used for call INSERT INTO vote (player_id, position_id) VALUES(?, ?) with: [64, 7]
DEBUG pool-3-thread-6 org.springframework.jdbc.core.JdbcTemplate - Executing SQL update and returning generated keys
DEBUG pool-3-thread-6 org.springframework.jdbc.core.JdbcTemplate - Executing prepared SQL statement
DEBUG pool-3-thread-6 org.springframework.jdbc.datasource.DataSourceUtils - Fetching JDBC Connection from DataSource
DEBUG pool-3-thread-6 org.springframework.jdbc.datasource.DriverManagerDataSource - Creating new JDBC DriverManager Connection to [jdbc:mysql://localhost:3306/vote]
DEBUG pool-3-thread-9 org.springframework.jdbc.datasource.DataSourceUtils - Returning JDBC Connection to DataSource
DEBUG pool-3-thread-9 org.springframework.jdbc.core.simple.SimpleJdbcInsert - The following parameters are used for call INSERT INTO vote (player_id, position_id) VALUES(?, ?) with: [1, 13]
DEBUG pool-3-thread-9 org.springframework.jdbc.core.JdbcTemplate - Executing SQL update and returning generated keys
DEBUG pool-3-thread-9 org.springframework.jdbc.core.JdbcTemplate - Executing prepared SQL statement
DEBUG pool-3-thread-9 org.springframework.jdbc.datasource.DataSourceUtils - Fetching JDBC Connection from DataSource
DEBUG pool-3-thread-9 org.springframework.jdbc.datasource.DriverManagerDataSource - Creating new JDBC DriverManager Connection to [jdbc:mysql://localhost:3306/vote]
DEBUG pool-3-thread-6 org.springframework.jdbc.core.simple.SimpleJdbcInsert - Using generated keys support with array of column names.
DEBUG pool-3-thread-6 org.springframework.jdbc.core.JdbcTemplate - SQL update affected 1 rows and returned 1 keys
DEBUG pool-3-thread-9 org.springframework.jdbc.core.simple.SimpleJdbcInsert - Using generated keys support with array of column names.
DEBUG pool-3-thread-6 org.springframework.jdbc.datasource.DataSourceUtils - Returning JDBC Connection to DataSource
DEBUG pool-3-thread-9 org.springframework.jdbc.core.JdbcTemplate - SQL update affected 1 rows and returned 1 keys
DEBUG pool-3-thread-9 org.springframework.jdbc.datasource.DataSourceUtils - Returning JDBC Connection to DataSource
DEBUG pool-3-thread-6 org.springframework.jdbc.core.simple.SimpleJdbcInsert - The following parameters are used for call INSERT INTO vote (player_id, position_id) VALUES(?, ?) with: [68, 5]
DEBUG pool-3-thread-6 org.springframework.jdbc.core.JdbcTemplate - Executing SQL update and returning generated keys
DEBUG pool-3-thread-6 org.springframework.jdbc.core.JdbcTemplate - Executing prepared SQL statement
DEBUG pool-3-thread-6 org.springframework.jdbc.datasource.DataSourceUtils - Fetching JDBC Connection from DataSource
DEBUG pool-3-thread-6 org.springframework.jdbc.datasource.DriverManagerDataSource - Creating new JDBC DriverManager Connection to [jdbc:mysql://localhost:3306/vote]
DEBUG pool-3-thread-9 org.springframework.jdbc.core.simple.SimpleJdbcInsert - The following parameters are used for call INSERT INTO vote (player_id, position_id) VALUES(?, ?) with: [15, 1]
DEBUG pool-3-thread-9 org.springframework.jdbc.core.JdbcTemplate - Executing SQL update and returning generated keys
DEBUG pool-3-thread-9 org.springframework.jdbc.core.JdbcTemplate - Executing prepared SQL statement
DEBUG pool-3-thread-9 org.springframework.jdbc.datasource.DataSourceUtils - Fetching JDBC Connection from DataSource
DEBUG pool-3-thread-9 org.springframework.jdbc.datasource.DriverManagerDataSource - Creating new JDBC DriverManager Connection to [jdbc:mysql://localhost:3306/vote]
DEBUG pool-3-thread-2 org.springframework.jdbc.core.simple.SimpleJdbcInsert - Using generated keys support with array of column names.
DEBUG pool-3-thread-6 org.springframework.jdbc.core.simple.SimpleJdbcInsert - Using generated keys support with array of column names.
DEBUG pool-3-thread-9 org.springframework.jdbc.core.simple.SimpleJdbcInsert - Using generated keys support with array of column names.
DEBUG pool-3-thread-6 org.springframework.jdbc.core.JdbcTemplate - SQL update affected 1 rows and returned 1 keys
DEBUG pool-3-thread-6 org.springframework.jdbc.datasource.DataSourceUtils - Returning JDBC Connection to DataSource
DEBUG pool-3-thread-6 org.springframework.jdbc.core.simple.SimpleJdbcInsert - The following parameters are used for call INSERT INTO vote (player_id, position_id) VALUES(?, ?) with: [100, 7]
DEBUG pool-3-thread-6 org.springframework.jdbc.core.JdbcTemplate - Executing SQL update and returning generated keys
DEBUG pool-3-thread-6 org.springframework.jdbc.core.JdbcTemplate - Executing prepared SQL statement
DEBUG pool-3-thread-6 org.springframework.jdbc.datasource.DataSourceUtils - Fetching JDBC Connection from DataSource
DEBUG pool-3-thread-6 org.springframework.jdbc.datasource.DriverManagerDataSource - Creating new JDBC DriverManager Connection to [jdbc:mysql://localhost:3306/vote]
DEBUG pool-3-thread-9 org.springframework.jdbc.core.JdbcTemplate - SQL update affected 1 rows and returned 1 keys
DEBUG pool-3-thread-9 org.springframework.jdbc.datasource.DataSourceUtils - Returning JDBC Connection to DataSource
DEBUG pool-3-thread-2 org.springframework.jdbc.core.JdbcTemplate - SQL update affected 1 rows and returned 1 keys
DEBUG pool-3-thread-9 org.springframework.jdbc.core.simple.SimpleJdbcInsert - The following parameters are used for call INSERT INTO vote (player_id, position_id) VALUES(?, ?) with: [88, 4]
DEBUG pool-3-thread-9 org.springframework.jdbc.core.JdbcTemplate - Executing SQL update and returning generated keys
DEBUG pool-3-thread-9 org.springframework.jdbc.core.JdbcTemplate - Executing prepared SQL statement
DEBUG pool-3-thread-9 org.springframework.jdbc.datasource.DataSourceUtils - Fetching JDBC Connection from DataSource
DEBUG pool-3-thread-9 org.springframework.jdbc.datasource.DriverManagerDataSource - Creating new JDBC DriverManager Connection to [jdbc:mysql://localhost:3306/vote]
DEBUG pool-3-thread-2 org.springframework.jdbc.datasource.DataSourceUtils - Returning JDBC Connection to DataSource
DEBUG pool-3-thread-6 org.springframework.jdbc.core.simple.SimpleJdbcInsert - Using generated keys support with array of column names.
DEBUG pool-3-thread-6 org.springframework.jdbc.core.JdbcTemplate - SQL update affected 1 rows and returned 1 keys
DEBUG pool-3-thread-6 org.springframework.jdbc.datasource.DataSourceUtils - Returning JDBC Connection to DataSource
DEBUG pool-3-thread-9 org.springframework.jdbc.core.simple.SimpleJdbcInsert - Using generated keys support with array of column names.
DEBUG pool-3-thread-6 org.springframework.jdbc.core.simple.SimpleJdbcInsert - The following parameters are used for call INSERT INTO vote (player_id, position_id) VALUES(?, ?) with: [71, 1]
DEBUG pool-3-thread-9 org.springframework.jdbc.core.JdbcTemplate - SQL update affected 1 rows and returned 1 keys
DEBUG pool-3-thread-6 org.springframework.jdbc.core.JdbcTemplate - Executing SQL update and returning generated keys
DEBUG pool-3-thread-6 org.springframework.jdbc.core.JdbcTemplate - Executing prepared SQL statement
DEBUG pool-3-thread-6 org.springframework.jdbc.datasource.DataSourceUtils - Fetching JDBC Connection from DataSource
DEBUG pool-3-thread-6 org.springframework.jdbc.datasource.DriverManagerDataSource - Creating new JDBC DriverManager Connection to [jdbc:mysql://localhost:3306/vote]
DEBUG pool-3-thread-2 org.springframework.jdbc.core.simple.SimpleJdbcInsert - The following parameters are used for call INSERT INTO vote (player_id, position_id) VALUES(?, ?) with: [24, 16]
DEBUG pool-3-thread-2 org.springframework.jdbc.core.JdbcTemplate - Executing SQL update and returning generated keys
DEBUG pool-3-thread-2 org.springframework.jdbc.core.JdbcTemplate - Executing prepared SQL statement
DEBUG pool-3-thread-2 org.springframework.jdbc.datasource.DataSourceUtils - Fetching JDBC Connection from DataSource
DEBUG pool-3-thread-2 org.springframework.jdbc.datasource.DriverManagerDataSource - Creating new JDBC DriverManager Connection to [jdbc:mysql://localhost:3306/vote]
DEBUG pool-3-thread-9 org.springframework.jdbc.datasource.DataSourceUtils - Returning JDBC Connection to DataSource
DEBUG pool-3-thread-9 org.springframework.jdbc.core.simple.SimpleJdbcInsert - The following parameters are used for call INSERT INTO vote (player_id, position_id) VALUES(?, ?) with: [25, 5]
DEBUG pool-3-thread-9 org.springframework.jdbc.core.JdbcTemplate - Executing SQL update and returning generated keys
DEBUG pool-3-thread-9 org.springframework.jdbc.core.JdbcTemplate - Executing prepared SQL statement
DEBUG pool-3-thread-9 org.springframework.jdbc.datasource.DataSourceUtils - Fetching JDBC Connection from DataSource
DEBUG pool-3-thread-9 org.springframework.jdbc.datasource.DriverManagerDataSource - Creating new JDBC DriverManager Connection to [jdbc:mysql://localhost:3306/vote]
DEBUG pool-3-thread-4 org.springframework.jdbc.datasource.DataSourceUtils - Returning JDBC Connection to DataSource
DEBUG pool-3-thread-6 org.springframework.jdbc.core.simple.SimpleJdbcInsert - Using generated keys support with array of column names.
DEBUG pool-3-thread-5 org.springframework.jdbc.core.JdbcTemplate - SQL update affected 1 rows and returned 1 keys
DEBUG pool-3-thread-6 org.springframework.jdbc.core.JdbcTemplate - SQL update affected 1 rows and returned 1 keys
DEBUG pool-3-thread-6 org.springframework.jdbc.datasource.DataSourceUtils - Returning JDBC Connection to DataSource
DEBUG pool-3-thread-9 org.springframework.jdbc.core.simple.SimpleJdbcInsert - Using generated keys support with array of column names.
DEBUG pool-3-thread-6 org.springframework.jdbc.core.simple.SimpleJdbcInsert - The following parameters are used for call INSERT INTO vote (player_id, position_id) VALUES(?, ?) with: [82, 5]
DEBUG pool-3-thread-6 org.springframework.jdbc.core.JdbcTemplate - Executing SQL update and returning generated keys
DEBUG pool-3-thread-6 org.springframework.jdbc.core.JdbcTemplate - Executing prepared SQL statement
DEBUG pool-3-thread-6 org.springframework.jdbc.datasource.DataSourceUtils - Fetching JDBC Connection from DataSource
DEBUG pool-3-thread-6 org.springframework.jdbc.datasource.DriverManagerDataSource - Creating new JDBC DriverManager Connection to [jdbc:mysql://localhost:3306/vote]
DEBUG pool-3-thread-9 org.springframework.jdbc.core.JdbcTemplate - SQL update affected 1 rows and returned 1 keys
DEBUG pool-3-thread-9 org.springframework.jdbc.datasource.DataSourceUtils - Returning JDBC Connection to DataSource
DEBUG pool-3-thread-9 org.springframework.jdbc.core.simple.SimpleJdbcInsert - The following parameters are used for call INSERT INTO vote (player_id, position_id) VALUES(?, ?) with: [70, 17]
DEBUG pool-3-thread-9 org.springframework.jdbc.core.JdbcTemplate - Executing SQL update and returning generated keys
DEBUG pool-3-thread-9 org.springframework.jdbc.core.JdbcTemplate - Executing prepared SQL statement
DEBUG pool-3-thread-9 org.springframework.jdbc.datasource.DataSourceUtils - Fetching JDBC Connection from DataSource
DEBUG pool-3-thread-9 org.springframework.jdbc.datasource.DriverManagerDataSource - Creating new JDBC DriverManager Connection to [jdbc:mysql://localhost:3306/vote]
DEBUG pool-3-thread-5 org.springframework.jdbc.datasource.DataSourceUtils - Returning JDBC Connection to DataSource
DEBUG pool-3-thread-5 org.springframework.jdbc.core.simple.SimpleJdbcInsert - The following parameters are used for call INSERT INTO vote (player_id, position_id) VALUES(?, ?) with: [38, 1]
DEBUG pool-3-thread-5 org.springframework.jdbc.core.JdbcTemplate - Executing SQL update and returning generated keys
DEBUG pool-3-thread-5 org.springframework.jdbc.core.JdbcTemplate - Executing prepared SQL statement
DEBUG pool-3-thread-5 org.springframework.jdbc.datasource.DataSourceUtils - Fetching JDBC Connection from DataSource
DEBUG pool-3-thread-5 org.springframework.jdbc.datasource.DriverManagerDataSource - Creating new JDBC DriverManager Connection to [jdbc:mysql://localhost:3306/vote]
DEBUG pool-3-thread-6 org.springframework.jdbc.core.simple.SimpleJdbcInsert - Using generated keys support with array of column names.
DEBUG pool-3-thread-2 org.springframework.jdbc.core.simple.SimpleJdbcInsert - Using generated keys support with array of column names.
DEBUG pool-3-thread-6 org.springframework.jdbc.core.JdbcTemplate - SQL update affected 1 rows and returned 1 keys
DEBUG pool-3-thread-9 org.springframework.jdbc.core.simple.SimpleJdbcInsert - Using generated keys support with array of column names.
DEBUG pool-3-thread-6 org.springframework.jdbc.datasource.DataSourceUtils - Returning JDBC Connection to DataSource
DEBUG pool-3-thread-9 org.springframework.jdbc.core.JdbcTemplate - SQL update affected 1 rows and returned 1 keys
DEBUG pool-3-thread-9 org.springframework.jdbc.datasource.DataSourceUtils - Returning JDBC Connection to DataSource
DEBUG pool-3-thread-5 org.springframework.jdbc.core.simple.SimpleJdbcInsert - Using generated keys support with array of column names.
DEBUG pool-3-thread-5 org.springframework.jdbc.core.JdbcTemplate - SQL update affected 1 rows and returned 1 keys
DEBUG pool-3-thread-5 org.springframework.jdbc.datasource.DataSourceUtils - Returning JDBC Connection to DataSource
DEBUG pool-3-thread-2 org.springframework.jdbc.core.JdbcTemplate - SQL update affected 1 rows and returned 1 keys
DEBUG pool-3-thread-2 org.springframework.jdbc.datasource.DataSourceUtils - Returning JDBC Connection to DataSource
DEBUG pool-3-thread-4 org.springframework.jdbc.core.simple.SimpleJdbcInsert - The following parameters are used for call INSERT INTO vote (player_id, position_id) VALUES(?, ?) with: [13, 1]
DEBUG pool-3-thread-4 org.springframework.jdbc.core.JdbcTemplate - Executing SQL update and returning generated keys
DEBUG pool-3-thread-4 org.springframework.jdbc.core.JdbcTemplate - Executing prepared SQL statement
DEBUG pool-3-thread-4 org.springframework.jdbc.datasource.DataSourceUtils - Fetching JDBC Connection from DataSource
DEBUG pool-3-thread-4 org.springframework.jdbc.datasource.DriverManagerDataSource - Creating new JDBC DriverManager Connection to [jdbc:mysql://localhost:3306/vote]
DEBUG pool-3-thread-7 org.springframework.jdbc.core.simple.SimpleJdbcInsert - Using generated keys support with array of column names.
DEBUG pool-3-thread-7 org.springframework.jdbc.core.JdbcTemplate - SQL update affected 1 rows and returned 1 keys
DEBUG pool-3-thread-7 org.springframework.jdbc.datasource.DataSourceUtils - Returning JDBC Connection to DataSource
DEBUG pool-3-thread-4 org.springframework.jdbc.core.simple.SimpleJdbcInsert - Using generated keys support with array of column names.
DEBUG pool-3-thread-4 org.springframework.jdbc.core.JdbcTemplate - SQL update affected 1 rows and returned 1 keys
DEBUG pool-3-thread-4 org.springframework.jdbc.datasource.DataSourceUtils - Returning JDBC Connection to DataSource
DEBUG pool-3-thread-1 org.springframework.jdbc.core.simple.SimpleJdbcInsert - Using generated keys support with array of column names.
DEBUG pool-3-thread-1 org.springframework.jdbc.core.JdbcTemplate - SQL update affected 1 rows and returned 1 keys
DEBUG pool-3-thread-1 org.springframework.jdbc.datasource.DataSourceUtils - Returning JDBC Connection to DataSource
DEBUG pool-3-thread-10 org.springframework.jdbc.core.simple.SimpleJdbcInsert - Using generated keys support with array of column names.
DEBUG pool-3-thread-10 org.springframework.jdbc.core.JdbcTemplate - SQL update affected 1 rows and returned 1 keys
DEBUG pool-3-thread-10 org.springframework.jdbc.datasource.DataSourceUtils - Returning JDBC Connection to DataSource
DEBUG pool-3-thread-3 org.springframework.jdbc.datasource.DataSourceUtils - Returning JDBC Connection to DataSource
DEBUG pool-3-thread-8 org.springframework.jdbc.core.simple.SimpleJdbcInsert - Using generated keys support with array of column names.
DEBUG pool-3-thread-8 org.springframework.jdbc.core.JdbcTemplate - SQL update affected 1 rows and returned 1 keys
DEBUG pool-3-thread-8 org.springframework.jdbc.datasource.DataSourceUtils - Returning JDBC Connection to DataSource
